<?xml version="1.0" encoding="UTF-8"?>
<testExecutions version="1">
  <file path="/Users/jakepeterson/Sprint4-Demo/frontend/src/tests/MissionService.test.js">
    <testCase name="Get Missions" duration="4"/>
    <testCase name="Get Missions By ID" duration="0"/>
    <testCase name="Get Missions By Mission Number" duration="1"/>
    <testCase name="Get Missions By Squadron" duration="0"/>
    <testCase name="Get Missions By Filter" duration="1"/>
    <testCase name="Get Missions By Parameter" duration="0"/>
    <testCase name="Update Mission" duration="0"/>
    <testCase name="Create Mission" duration="1"/>
    <testCase name="Delete Mission" duration="0"/>
  </file>
  <file path="/Users/jakepeterson/Sprint4-Demo/frontend/src/tests/NewAirliftMsn.test.js">
    <testCase name="New Mission New Mission Form" duration="587"/>
  </file>
  <file path="/Users/jakepeterson/Sprint4-Demo/frontend/src/tests/EditAirliftMsn.test.js">
    <testCase name="Edit Mission Edit Mission" duration="652"/>
    <testCase name="Edit Mission Delete Mission" duration="112"/>
  </file>
  <file path="/Users/jakepeterson/Sprint4-Demo/frontend/src/tests/MissionList.test.js">
    <testCase name="Mission List Mission List - initial load, filter, clear filter, select a single mission and render details" duration="245"/>
  </file>
  <file path="/Users/jakepeterson/Sprint4-Demo/frontend/src/tests/DataManagement.test.js">
    <testCase name="Data Management Data Management - Squadron" duration="100"/>
    <testCase name="Data Management Data Management - Base" duration="87"/>
    <testCase name="Data Management Data Management - Aircraft" duration="112"/>
    <testCase name="Data Management Data Management - Mission Type" duration="119"/>
    <testCase name="Data Management Data Management - Channel" duration="116"/>
    <testCase name="Data Management Data Management - Operation" duration="151"/>
    <testCase name="Data Management Data Management - ICAO" duration="140"/>
  </file>
  <file path="/Users/jakepeterson/Sprint4-Demo/frontend/src/tests/MissionReports.test.js">
    <testCase name="Mission Reports Mission Report Form" duration="331"/>
  </file>
  <file path="/Users/jakepeterson/Sprint4-Demo/frontend/src/tests/EditUser.test.js">
    <testCase name="Edit User Edit User" duration="95"/>
    <testCase name="Edit User Delete User" duration="18"/>
  </file>
  <file path="/Users/jakepeterson/Sprint4-Demo/frontend/src/tests/ViewFeedback.test.js">
    <testCase name="View Feedback View Feedback" duration="86"/>
  </file>
  <file path="/Users/jakepeterson/Sprint4-Demo/frontend/src/tests/App.test.js">
    <testCase name="App App" duration="33"/>
  </file>
  <file path="/Users/jakepeterson/Sprint4-Demo/frontend/src/tests/ReportDisplay.test.js">
    <testCase name="Report Display Report Display" duration="47"/>
  </file>
  <file path="/Users/jakepeterson/Sprint4-Demo/frontend/src/tests/UserManagement.test.js">
    <testCase name="User Management View Feedback" duration="17"/>
  </file>
  <file path="/Users/jakepeterson/Sprint4-Demo/frontend/src/tests/Feedback.test.js">
    <testCase name="About About" duration="129"/>
  </file>
  <file path="/Users/jakepeterson/Sprint4-Demo/frontend/src/tests/Register.test.js">
    <testCase name="Register Register" duration="19"/>
  </file>
  <file path="/Users/jakepeterson/Sprint4-Demo/frontend/src/tests/About.test.js">
    <testCase name="About About" duration="24"/>
  </file>
  <file path="/Users/jakepeterson/Sprint4-Demo/frontend/src/tests/Profile.test.js">
    <testCase name="Mission List Profile" duration="42"/>
  </file>
  <file path="/Users/jakepeterson/Sprint4-Demo/frontend/src/tests/ParameterService.test.js">
    <testCase name="Get Squadrons" duration="0"/>
    <testCase name="Get Mission Types" duration="1"/>
    <testCase name="Get Operations" duration="0"/>
    <testCase name="Get Channels" duration="1"/>
    <testCase name="Get Bases" duration="0"/>
    <testCase name="Get Aircraft" duration="0"/>
    <testCase name="Get ICAOs" duration="1"/>
    <testCase name="Update Squadrons" duration="0"/>
    <testCase name="Update Mission Types" duration="0"/>
    <testCase name="Update Operations" duration="1"/>
    <testCase name="Update Channels" duration="0"/>
    <testCase name="Update Bases" duration="0"/>
    <testCase name="Update Aircraft" duration="1"/>
    <testCase name="Update ICAOs" duration="0"/>
    <testCase name="Delete Squadrons" duration="0"/>
    <testCase name="Delete Mission Types" duration="1"/>
    <testCase name="Delete Channels" duration="0"/>
    <testCase name="Delete Bases" duration="0"/>
    <testCase name="Delete Operations" duration="1"/>
    <testCase name="Delete Aircraft" duration="1"/>
    <testCase name="Delete ICAOs" duration="1"/>
    <testCase name="Create Squadron" duration="0"/>
    <testCase name="Create Mission Type" duration="0"/>
    <testCase name="Create Operation" duration="1"/>
    <testCase name="Create Base" duration="0"/>
    <testCase name="Create Channel" duration="1"/>
    <testCase name="Create Aircraft" duration="0"/>
    <testCase name="Create ICAO" duration="0"/>
    <testCase name="Deactivate Squadrons" duration="1"/>
    <testCase name="Deactivate Mission Types" duration="0"/>
    <testCase name="Deactivate Operations" duration="1"/>
    <testCase name="Deactivate Channels" duration="0"/>
    <testCase name="Deactivate Bases" duration="0"/>
    <testCase name="Deactivate Aircraft" duration="0"/>
    <testCase name="Deactivate ICAOs" duration="1"/>
  </file>
  <file path="/Users/jakepeterson/Sprint4-Demo/frontend/src/tests/Login.test.js">
    <testCase name="Mission List login form posts with proper input" duration="4777">
      <failure message="Error: expect(jest.fn()).toHaveBeenCalledTimes(expected)"><![CDATA[Error: expect(jest.fn()).toHaveBeenCalledTimes(expected)

Expected number of calls: 1
Received number of calls: 0
    at /Users/jakepeterson/Sprint4-Demo/frontend/src/tests/Login.test.js:34:52
    at runExpectation (/Users/jakepeterson/Sprint4-Demo/frontend/node_modules/wait-for-expect/lib/index.js:46:25)
    at Timeout.callback [as _onTimeout] (/Users/jakepeterson/Sprint4-Demo/frontend/node_modules/jsdom/lib/jsdom/browser/Window.js:678:19)
    at listOnTimeout (internal/timers.js:549:17)
    at processTimers (internal/timers.js:492:7)]]></failure>
    </testCase>
  </file>
  <file path="/Users/jakepeterson/Sprint4-Demo/frontend/src/tests/UserService.test.js">
    <testCase name="Get Users" duration="2"/>
    <testCase name="Get User by ID" duration="0"/>
    <testCase name="Update User" duration="1"/>
    <testCase name="Delete User" duration="0"/>
    <testCase name="Make User Admin" duration="0"/>
    <testCase name="Make User Active" duration="1"/>
  </file>
</testExecutions>