<?xml version="1.0" encoding="UTF-8"?>
<testExecutions version="1">
  <file path="/Users/jakepeterson/Sprint4-Demo/frontend/src/tests/MissionList.test.js">
    <testCase name="Mission List missions list gets populated on page render" duration="196"/>
    <testCase name="Mission List mission filter works" duration="53"/>
    <testCase name="Mission List clear filters works" duration="11"/>
    <testCase name="Mission List set active mission" duration="54"/>
  </file>
</testExecutions>