<?xml version="1.0" encoding="UTF-8"?>
<testExecutions version="1">
  <file path="/Users/jakepeterson/Sprint4-Demo/frontend/src/tests/MissionReports.test.js">
    <testCase name="Mission Reports Mission Report Form" duration="309"/>
  </file>
  <file path="/Users/jakepeterson/Sprint4-Demo/frontend/src/tests/DataManagement.test.js">
    <testCase name="Data Management Data Management - Squadron" duration="195"/>
    <testCase name="Data Management Data Management - Base" duration="121"/>
    <testCase name="Data Management Data Management - Aircraft" duration="93"/>
    <testCase name="Data Management Data Management - Mission Type" duration="94"/>
    <testCase name="Data Management Data Management - Channel" duration="98"/>
    <testCase name="Data Management Data Management - Operation" duration="101"/>
    <testCase name="Data Management Data Management - ICAO" duration="82"/>
  </file>
  <file path="/Users/jakepeterson/Sprint4-Demo/frontend/src/tests/NewAirliftMsn.test.js">
    <testCase name="New Mission New Mission Form" duration="534"/>
  </file>
  <file path="/Users/jakepeterson/Sprint4-Demo/frontend/src/tests/MissionList.test.js">
    <testCase name="Mission List Mission List - initial load, filter, clear filter, select a single mission and render details" duration="211"/>
  </file>
  <file path="/Users/jakepeterson/Sprint4-Demo/frontend/src/tests/EditAirliftMsn.test.js">
    <testCase name="Edit Mission Edit Mission" duration="664"/>
    <testCase name="Edit Mission Delete Mission" duration="88"/>
  </file>
  <file path="/Users/jakepeterson/Sprint4-Demo/frontend/src/tests/ViewFeedback.test.js">
    <testCase name="View Feedback View Feedback" duration="143"/>
  </file>
  <file path="/Users/jakepeterson/Sprint4-Demo/frontend/src/tests/App.test.js">
    <testCase name="App App" duration="44"/>
  </file>
  <file path="/Users/jakepeterson/Sprint4-Demo/frontend/src/tests/About.test.js">
    <testCase name="About About" duration="30"/>
  </file>
  <file path="/Users/jakepeterson/Sprint4-Demo/frontend/src/tests/Feedback.test.js">
    <testCase name="About About" duration="88"/>
  </file>
  <file path="/Users/jakepeterson/Sprint4-Demo/frontend/src/tests/Profile.test.js">
    <testCase name="Mission List Profile" duration="7"/>
  </file>
  <file path="/Users/jakepeterson/Sprint4-Demo/frontend/src/tests/ReportDisplay.test.js">
    <testCase name="Report Display Report Display" duration="46"/>
  </file>
  <file path="/Users/jakepeterson/Sprint4-Demo/frontend/src/tests/ParameterService.test.js">
    <testCase name="Get Squadrons" duration="2"/>
    <testCase name="Get Mission Types" duration="0"/>
    <testCase name="Get Operations" duration="0"/>
    <testCase name="Get Channels" duration="1"/>
    <testCase name="Get Bases" duration="0"/>
    <testCase name="Get Aircraft" duration="5"/>
    <testCase name="Get ICAOs" duration="0"/>
    <testCase name="Update Squadrons" duration="1"/>
    <testCase name="Update Mission Types" duration="0"/>
    <testCase name="Update Operations" duration="1"/>
    <testCase name="Update Channels" duration="0"/>
    <testCase name="Update Bases" duration="0"/>
    <testCase name="Update Aircraft" duration="1"/>
    <testCase name="Update ICAOs" duration="0"/>
    <testCase name="Delete Squadrons" duration="1"/>
    <testCase name="Delete Mission Types" duration="0"/>
    <testCase name="Delete Channels" duration="0"/>
    <testCase name="Delete Bases" duration="1"/>
    <testCase name="Delete Operations" duration="0"/>
    <testCase name="Delete Aircraft" duration="1"/>
    <testCase name="Delete ICAOs" duration="1"/>
    <testCase name="Create Squadron" duration="0"/>
    <testCase name="Create Mission Type" duration="0"/>
    <testCase name="Create Operation" duration="1"/>
    <testCase name="Create Base" duration="0"/>
    <testCase name="Create Channel" duration="0"/>
    <testCase name="Create Aircraft" duration="0"/>
    <testCase name="Create ICAO" duration="1"/>
    <testCase name="Deactivate Squadrons" duration="0"/>
    <testCase name="Deactivate Mission Types" duration="1"/>
    <testCase name="Deactivate Operations" duration="0"/>
    <testCase name="Deactivate Channels" duration="0"/>
    <testCase name="Deactivate Bases" duration="1"/>
    <testCase name="Deactivate Aircraft" duration="0"/>
    <testCase name="Deactivate ICAOs" duration="1"/>
  </file>
  <file path="/Users/jakepeterson/Sprint4-Demo/frontend/src/tests/FeedbackService.test.js">
    <testCase name="Get Missions" duration="1"/>
    <testCase name="Create Feedback" duration="1"/>
    <testCase name="Delete Feedback" duration="0"/>
  </file>
  <file path="/Users/jakepeterson/Sprint4-Demo/frontend/src/tests/MissionService.test.js">
    <testCase name="Get Missions" duration="2"/>
    <testCase name="Get Missions By ID" duration="0"/>
    <testCase name="Get Missions By Mission Number" duration="0"/>
    <testCase name="Get Missions By Squadron" duration="1"/>
    <testCase name="Get Missions By Filter" duration="0"/>
    <testCase name="Get Missions By Parameter" duration="1"/>
    <testCase name="Update Mission" duration="0"/>
    <testCase name="Create Mission" duration="0"/>
    <testCase name="Delete Mission" duration="1"/>
  </file>
</testExecutions>