<?xml version="1.0" encoding="UTF-8"?>
<testExecutions version="1">
  <file path="/Users/jakepeterson/Sprint4-Demo/frontend/src/tests/MissionList.test.js">
    <testCase name="Mission List Mission List - initial load, filter, clear filter, select a single mission and render details" duration="241"/>
  </file>
  <file path="/Users/jakepeterson/Sprint4-Demo/frontend/src/tests/App.test.js">
  </file>
  <file path="/Users/jakepeterson/Sprint4-Demo/frontend/src/tests/NewAirliftMsn.test.js">
    <testCase name="New Mission New Mission Form" duration="545"/>
  </file>
  <file path="/Users/jakepeterson/Sprint4-Demo/frontend/src/tests/MissionReports.test.js">
    <testCase name="Mission Reports Mission Report Form" duration="320"/>
  </file>
  <file path="/Users/jakepeterson/Sprint4-Demo/frontend/src/tests/EditAirliftMsn.test.js">
    <testCase name="Edit Mission Edit Mission" duration="643">
      <failure message="Error: expect(received).toBe(expected) // Object.is equality"><![CDATA[Error: expect(received).toBe(expected) // Object.is equality

Expected: "1001"
Received: "1000"
    at Object.<anonymous> (/Users/jakepeterson/Sprint4-Demo/frontend/src/tests/EditAirliftMsn.test.js:368:28)]]></failure>
    </testCase>
    <testCase name="Edit Mission Delete Mission" duration="112"/>
  </file>
  <file path="/Users/jakepeterson/Sprint4-Demo/frontend/src/tests/Feedback.test.js">
    <testCase name="About About" duration="123"/>
  </file>
  <file path="/Users/jakepeterson/Sprint4-Demo/frontend/src/tests/ViewFeedback.test.js">
    <testCase name="View Feedback View Feedback" duration="128"/>
  </file>
  <file path="/Users/jakepeterson/Sprint4-Demo/frontend/src/tests/ReportDisplay.test.js">
    <testCase name="Report Display Report Display" duration="43"/>
  </file>
  <file path="/Users/jakepeterson/Sprint4-Demo/frontend/src/tests/ParameterService.test.js">
    <testCase name="Get Squadrons" duration="1"/>
    <testCase name="Get Mission Types" duration="1"/>
    <testCase name="Get Operations" duration="0"/>
    <testCase name="Get Channels" duration="1"/>
    <testCase name="Get Bases" duration="0"/>
    <testCase name="Get Aircraft" duration="1"/>
    <testCase name="Get ICAOs" duration="0"/>
    <testCase name="Update Squadrons" duration="0"/>
    <testCase name="Update Mission Types" duration="1"/>
    <testCase name="Update Operations" duration="0"/>
    <testCase name="Update Channels" duration="1"/>
    <testCase name="Update Bases" duration="0"/>
    <testCase name="Update Aircraft" duration="0"/>
    <testCase name="Update ICAOs" duration="1"/>
    <testCase name="Delete Squadrons" duration="0"/>
    <testCase name="Delete Mission Types" duration="0"/>
    <testCase name="Delete Channels" duration="1"/>
    <testCase name="Delete Bases" duration="0"/>
    <testCase name="Delete Operations" duration="1"/>
    <testCase name="Delete Aircraft" duration="3"/>
    <testCase name="Delete ICAOs" duration="9"/>
    <testCase name="Create Squadron" duration="0"/>
    <testCase name="Create Mission Type" duration="1"/>
    <testCase name="Create Operation" duration="0"/>
    <testCase name="Create Base" duration="0"/>
    <testCase name="Create Channel" duration="1"/>
    <testCase name="Create Aircraft" duration="0"/>
    <testCase name="Create ICAO" duration="0"/>
    <testCase name="Deactivate Squadrons" duration="0"/>
    <testCase name="Deactivate Mission Types" duration="0"/>
    <testCase name="Deactivate Operations" duration="0"/>
    <testCase name="Deactivate Channels" duration="0"/>
    <testCase name="Deactivate Bases" duration="1"/>
    <testCase name="Deactivate Aircraft" duration="0"/>
    <testCase name="Deactivate ICAOs" duration="0"/>
  </file>
  <file path="/Users/jakepeterson/Sprint4-Demo/frontend/src/tests/About.test.js">
    <testCase name="About About" duration="21"/>
  </file>
  <file path="/Users/jakepeterson/Sprint4-Demo/frontend/src/tests/Profile.test.js">
    <testCase name="Mission List Profile" duration="7"/>
  </file>
  <file path="/Users/jakepeterson/Sprint4-Demo/frontend/src/tests/MissionService.test.js">
    <testCase name="Get Missions" duration="0"/>
    <testCase name="Get Missions By ID" duration="0"/>
    <testCase name="Get Missions By Mission Number" duration="0"/>
    <testCase name="Get Missions By Squadron" duration="1"/>
    <testCase name="Get Missions By Filter" duration="0"/>
    <testCase name="Get Missions By Parameter" duration="0"/>
    <testCase name="Update Mission" duration="1"/>
    <testCase name="Create Mission" duration="0"/>
    <testCase name="Delete Mission" duration="1"/>
  </file>
  <file path="/Users/jakepeterson/Sprint4-Demo/frontend/src/tests/FeedbackService.test.js">
    <testCase name="Get Missions" duration="1"/>
    <testCase name="Create Feedback" duration="0"/>
    <testCase name="Delete Feedback" duration="0"/>
  </file>
  <file path="/Users/jakepeterson/Sprint4-Demo/frontend/src/tests/DataManagement.test.js">
    <testCase name="Data Management Data Management - Squadron" duration="4920">
      <failure message="Error: Unable to find an element with the text: /Save Successful/i. This could be because the text is broken up by multiple elements. In this case, you can provide a function for your text matcher to make your matcher more flexible."><![CDATA[Error: Unable to find an element with the text: /Save Successful/i. This could be because the text is broken up by multiple elements. In this case, you can provide a function for your text matcher to make your matcher more flexible.

<body>
  <div>
    <div
      class="col-xxl"
    >
      <br />
      <nav
        class="navbar navbar-expand navbar-dark justify-content-center"
        id="data-Management-Component"
      >
        <ul
          class="nav navbar-nav navbar-dark justify-content-center"
        >
          <li>
            <button
              class="dm"
              name="dmSquadron"
            >
              Squadron
            </button>
          </li>
          <li>
            <button
              class="dm"
              name="dmBase"
            >
              Base
            </button>
          </li>
          <li>
            <button
              class="dm"
              name="dmAircraft"
            >
              Aircraft
            </button>
          </li>
          <li>
            <button
              class="dm"
              name="dmMissionType"
            >
              Mission Type
            </button>
          </li>
          <li>
            <button
              class="dm"
              name="dmChannel"
            >
              Channel
            </button>
          </li>
          <li>
            <button
              class="dm"
              name="dmOperation"
            >
              Operation
            </button>
          </li>
          <li>
            <button
              class="dm"
              name="dmICAO"
            >
              ICAO Source/Dest
            </button>
          </li>
        </ul>
      </nav>
      <div
        class="container"
      >
        <div
          class="row"
        >
          <div
            class="d-flex col-4"
            id="data-management"
          >
            <ul
              class="list-group"
              data-testid="dmlist"
            >
              <br />
            </ul>
          </div>
          <div
            class="span9"
          />
          <label
            name="dmMessage"
          />
        </div>
      </div>
    </div>
  </div>
</body>
    at Object.getElementError (/Users/jakepeterson/Sprint4-Demo/frontend/node_modules/@testing-library/dom/dist/config.js:34:12)
    at /Users/jakepeterson/Sprint4-Demo/frontend/node_modules/@testing-library/dom/dist/query-helpers.js:71:38
    at getByText (/Users/jakepeterson/Sprint4-Demo/frontend/node_modules/@testing-library/dom/dist/query-helpers.js:54:17)
    at /Users/jakepeterson/Sprint4-Demo/frontend/src/tests/DataManagement.test.js:53:40
    at runExpectation (/Users/jakepeterson/Sprint4-Demo/frontend/node_modules/wait-for-expect/lib/index.js:46:25)
    at Timeout.callback [as _onTimeout] (/Users/jakepeterson/Sprint4-Demo/frontend/node_modules/jsdom/lib/jsdom/browser/Window.js:678:19)
    at listOnTimeout (internal/timers.js:549:17)
    at processTimers (internal/timers.js:492:7)]]></failure>
    </testCase>
    <testCase name="Data Management Data Management - Base" duration="4838">
      <failure message="Error: Unable to find an element with the text: /Save Successful/i. This could be because the text is broken up by multiple elements. In this case, you can provide a function for your text matcher to make your matcher more flexible."><![CDATA[Error: Unable to find an element with the text: /Save Successful/i. This could be because the text is broken up by multiple elements. In this case, you can provide a function for your text matcher to make your matcher more flexible.

<body>
  <div>
    <div
      class="col-xxl"
    >
      <br />
      <nav
        class="navbar navbar-expand navbar-dark justify-content-center"
        id="data-Management-Component"
      >
        <ul
          class="nav navbar-nav navbar-dark justify-content-center"
        >
          <li>
            <button
              class="dm"
              name="dmSquadron"
            >
              Squadron
            </button>
          </li>
          <li>
            <button
              class="dm"
              name="dmBase"
            >
              Base
            </button>
          </li>
          <li>
            <button
              class="dm"
              name="dmAircraft"
            >
              Aircraft
            </button>
          </li>
          <li>
            <button
              class="dm"
              name="dmMissionType"
            >
              Mission Type
            </button>
          </li>
          <li>
            <button
              class="dm"
              name="dmChannel"
            >
              Channel
            </button>
          </li>
          <li>
            <button
              class="dm"
              name="dmOperation"
            >
              Operation
            </button>
          </li>
          <li>
            <button
              class="dm"
              name="dmICAO"
            >
              ICAO Source/Dest
            </button>
          </li>
        </ul>
      </nav>
      <div
        class="container"
      >
        <div
          class="row"
        >
          <div
            class="d-flex col-4"
            id="data-management"
          >
            <ul
              class="list-group"
              data-testid="dmlist"
            >
              <br />
            </ul>
          </div>
          <div
            class="span9"
          />
          <label
            name="dmMessage"
          />
        </div>
      </div>
    </div>
  </div>
</body>
    at Object.getElementError (/Users/jakepeterson/Sprint4-Demo/frontend/node_modules/@testing-library/dom/dist/config.js:34:12)
    at /Users/jakepeterson/Sprint4-Demo/frontend/node_modules/@testing-library/dom/dist/query-helpers.js:71:38
    at getByText (/Users/jakepeterson/Sprint4-Demo/frontend/node_modules/@testing-library/dom/dist/query-helpers.js:54:17)
    at /Users/jakepeterson/Sprint4-Demo/frontend/src/tests/DataManagement.test.js:204:40
    at runExpectation (/Users/jakepeterson/Sprint4-Demo/frontend/node_modules/wait-for-expect/lib/index.js:46:25)
    at Timeout.callback [as _onTimeout] (/Users/jakepeterson/Sprint4-Demo/frontend/node_modules/jsdom/lib/jsdom/browser/Window.js:678:19)
    at listOnTimeout (internal/timers.js:549:17)
    at processTimers (internal/timers.js:492:7)]]></failure>
    </testCase>
    <testCase name="Data Management Data Management - Aircraft" duration="4795">
      <failure message="Error: Unable to find an element with the text: /Save Successful/i. This could be because the text is broken up by multiple elements. In this case, you can provide a function for your text matcher to make your matcher more flexible."><![CDATA[Error: Unable to find an element with the text: /Save Successful/i. This could be because the text is broken up by multiple elements. In this case, you can provide a function for your text matcher to make your matcher more flexible.

<body>
  <div>
    <div
      class="col-xxl"
    >
      <br />
      <nav
        class="navbar navbar-expand navbar-dark justify-content-center"
        id="data-Management-Component"
      >
        <ul
          class="nav navbar-nav navbar-dark justify-content-center"
        >
          <li>
            <button
              class="dm"
              name="dmSquadron"
            >
              Squadron
            </button>
          </li>
          <li>
            <button
              class="dm"
              name="dmBase"
            >
              Base
            </button>
          </li>
          <li>
            <button
              class="dm"
              name="dmAircraft"
            >
              Aircraft
            </button>
          </li>
          <li>
            <button
              class="dm"
              name="dmMissionType"
            >
              Mission Type
            </button>
          </li>
          <li>
            <button
              class="dm"
              name="dmChannel"
            >
              Channel
            </button>
          </li>
          <li>
            <button
              class="dm"
              name="dmOperation"
            >
              Operation
            </button>
          </li>
          <li>
            <button
              class="dm"
              name="dmICAO"
            >
              ICAO Source/Dest
            </button>
          </li>
        </ul>
      </nav>
      <div
        class="container"
      >
        <div
          class="row"
        >
          <div
            class="d-flex col-4"
            id="data-management"
          >
            <ul
              class="list-group"
              data-testid="dmlist"
            >
              <br />
            </ul>
          </div>
          <div
            class="span9"
          />
          <label
            name="dmMessage"
          />
        </div>
      </div>
    </div>
  </div>
</body>
    at Object.getElementError (/Users/jakepeterson/Sprint4-Demo/frontend/node_modules/@testing-library/dom/dist/config.js:34:12)
    at /Users/jakepeterson/Sprint4-Demo/frontend/node_modules/@testing-library/dom/dist/query-helpers.js:71:38
    at getByText (/Users/jakepeterson/Sprint4-Demo/frontend/node_modules/@testing-library/dom/dist/query-helpers.js:54:17)
    at /Users/jakepeterson/Sprint4-Demo/frontend/src/tests/DataManagement.test.js:355:40
    at runExpectation (/Users/jakepeterson/Sprint4-Demo/frontend/node_modules/wait-for-expect/lib/index.js:46:25)
    at Timeout.callback [as _onTimeout] (/Users/jakepeterson/Sprint4-Demo/frontend/node_modules/jsdom/lib/jsdom/browser/Window.js:678:19)
    at listOnTimeout (internal/timers.js:549:17)
    at processTimers (internal/timers.js:492:7)]]></failure>
    </testCase>
    <testCase name="Data Management Data Management - Mission Type" duration="4823">
      <failure message="Error: Unable to find an element with the text: /Save Successful/i. This could be because the text is broken up by multiple elements. In this case, you can provide a function for your text matcher to make your matcher more flexible."><![CDATA[Error: Unable to find an element with the text: /Save Successful/i. This could be because the text is broken up by multiple elements. In this case, you can provide a function for your text matcher to make your matcher more flexible.

<body>
  <div>
    <div
      class="col-xxl"
    >
      <br />
      <nav
        class="navbar navbar-expand navbar-dark justify-content-center"
        id="data-Management-Component"
      >
        <ul
          class="nav navbar-nav navbar-dark justify-content-center"
        >
          <li>
            <button
              class="dm"
              name="dmSquadron"
            >
              Squadron
            </button>
          </li>
          <li>
            <button
              class="dm"
              name="dmBase"
            >
              Base
            </button>
          </li>
          <li>
            <button
              class="dm"
              name="dmAircraft"
            >
              Aircraft
            </button>
          </li>
          <li>
            <button
              class="dm"
              name="dmMissionType"
            >
              Mission Type
            </button>
          </li>
          <li>
            <button
              class="dm"
              name="dmChannel"
            >
              Channel
            </button>
          </li>
          <li>
            <button
              class="dm"
              name="dmOperation"
            >
              Operation
            </button>
          </li>
          <li>
            <button
              class="dm"
              name="dmICAO"
            >
              ICAO Source/Dest
            </button>
          </li>
        </ul>
      </nav>
      <div
        class="container"
      >
        <div
          class="row"
        >
          <div
            class="d-flex col-4"
            id="data-management"
          >
            <ul
              class="list-group"
              data-testid="dmlist"
            >
              <br />
            </ul>
          </div>
          <div
            class="span9"
          />
          <label
            name="dmMessage"
          />
        </div>
      </div>
    </div>
  </div>
</body>
    at Object.getElementError (/Users/jakepeterson/Sprint4-Demo/frontend/node_modules/@testing-library/dom/dist/config.js:34:12)
    at /Users/jakepeterson/Sprint4-Demo/frontend/node_modules/@testing-library/dom/dist/query-helpers.js:71:38
    at getByText (/Users/jakepeterson/Sprint4-Demo/frontend/node_modules/@testing-library/dom/dist/query-helpers.js:54:17)
    at /Users/jakepeterson/Sprint4-Demo/frontend/src/tests/DataManagement.test.js:506:40
    at runExpectation (/Users/jakepeterson/Sprint4-Demo/frontend/node_modules/wait-for-expect/lib/index.js:46:25)
    at Timeout.callback [as _onTimeout] (/Users/jakepeterson/Sprint4-Demo/frontend/node_modules/jsdom/lib/jsdom/browser/Window.js:678:19)
    at listOnTimeout (internal/timers.js:549:17)
    at processTimers (internal/timers.js:492:7)]]></failure>
    </testCase>
    <testCase name="Data Management Data Management - Channel" duration="4802">
      <failure message="Error: Unable to find an element with the text: /Save Successful/i. This could be because the text is broken up by multiple elements. In this case, you can provide a function for your text matcher to make your matcher more flexible."><![CDATA[Error: Unable to find an element with the text: /Save Successful/i. This could be because the text is broken up by multiple elements. In this case, you can provide a function for your text matcher to make your matcher more flexible.

<body>
  <div>
    <div
      class="col-xxl"
    >
      <br />
      <nav
        class="navbar navbar-expand navbar-dark justify-content-center"
        id="data-Management-Component"
      >
        <ul
          class="nav navbar-nav navbar-dark justify-content-center"
        >
          <li>
            <button
              class="dm"
              name="dmSquadron"
            >
              Squadron
            </button>
          </li>
          <li>
            <button
              class="dm"
              name="dmBase"
            >
              Base
            </button>
          </li>
          <li>
            <button
              class="dm"
              name="dmAircraft"
            >
              Aircraft
            </button>
          </li>
          <li>
            <button
              class="dm"
              name="dmMissionType"
            >
              Mission Type
            </button>
          </li>
          <li>
            <button
              class="dm"
              name="dmChannel"
            >
              Channel
            </button>
          </li>
          <li>
            <button
              class="dm"
              name="dmOperation"
            >
              Operation
            </button>
          </li>
          <li>
            <button
              class="dm"
              name="dmICAO"
            >
              ICAO Source/Dest
            </button>
          </li>
        </ul>
      </nav>
      <div
        class="container"
      >
        <div
          class="row"
        >
          <div
            class="d-flex col-4"
            id="data-management"
          >
            <ul
              class="list-group"
              data-testid="dmlist"
            >
              <br />
            </ul>
          </div>
          <div
            class="span9"
          />
          <label
            name="dmMessage"
          />
        </div>
      </div>
    </div>
  </div>
</body>
    at Object.getElementError (/Users/jakepeterson/Sprint4-Demo/frontend/node_modules/@testing-library/dom/dist/config.js:34:12)
    at /Users/jakepeterson/Sprint4-Demo/frontend/node_modules/@testing-library/dom/dist/query-helpers.js:71:38
    at getByText (/Users/jakepeterson/Sprint4-Demo/frontend/node_modules/@testing-library/dom/dist/query-helpers.js:54:17)
    at /Users/jakepeterson/Sprint4-Demo/frontend/src/tests/DataManagement.test.js:657:40
    at runExpectation (/Users/jakepeterson/Sprint4-Demo/frontend/node_modules/wait-for-expect/lib/index.js:46:25)
    at Timeout.callback [as _onTimeout] (/Users/jakepeterson/Sprint4-Demo/frontend/node_modules/jsdom/lib/jsdom/browser/Window.js:678:19)
    at listOnTimeout (internal/timers.js:549:17)
    at processTimers (internal/timers.js:492:7)]]></failure>
    </testCase>
    <testCase name="Data Management Data Management - Operation" duration="4800">
      <failure message="Error: Unable to find an element with the text: /Save Successful/i. This could be because the text is broken up by multiple elements. In this case, you can provide a function for your text matcher to make your matcher more flexible."><![CDATA[Error: Unable to find an element with the text: /Save Successful/i. This could be because the text is broken up by multiple elements. In this case, you can provide a function for your text matcher to make your matcher more flexible.

<body>
  <div>
    <div
      class="col-xxl"
    >
      <br />
      <nav
        class="navbar navbar-expand navbar-dark justify-content-center"
        id="data-Management-Component"
      >
        <ul
          class="nav navbar-nav navbar-dark justify-content-center"
        >
          <li>
            <button
              class="dm"
              name="dmSquadron"
            >
              Squadron
            </button>
          </li>
          <li>
            <button
              class="dm"
              name="dmBase"
            >
              Base
            </button>
          </li>
          <li>
            <button
              class="dm"
              name="dmAircraft"
            >
              Aircraft
            </button>
          </li>
          <li>
            <button
              class="dm"
              name="dmMissionType"
            >
              Mission Type
            </button>
          </li>
          <li>
            <button
              class="dm"
              name="dmChannel"
            >
              Channel
            </button>
          </li>
          <li>
            <button
              class="dm"
              name="dmOperation"
            >
              Operation
            </button>
          </li>
          <li>
            <button
              class="dm"
              name="dmICAO"
            >
              ICAO Source/Dest
            </button>
          </li>
        </ul>
      </nav>
      <div
        class="container"
      >
        <div
          class="row"
        >
          <div
            class="d-flex col-4"
            id="data-management"
          >
            <ul
              class="list-group"
              data-testid="dmlist"
            >
              <br />
            </ul>
          </div>
          <div
            class="span9"
          />
          <label
            name="dmMessage"
          />
        </div>
      </div>
    </div>
  </div>
</body>
    at Object.getElementError (/Users/jakepeterson/Sprint4-Demo/frontend/node_modules/@testing-library/dom/dist/config.js:34:12)
    at /Users/jakepeterson/Sprint4-Demo/frontend/node_modules/@testing-library/dom/dist/query-helpers.js:71:38
    at getByText (/Users/jakepeterson/Sprint4-Demo/frontend/node_modules/@testing-library/dom/dist/query-helpers.js:54:17)
    at /Users/jakepeterson/Sprint4-Demo/frontend/src/tests/DataManagement.test.js:808:40
    at runExpectation (/Users/jakepeterson/Sprint4-Demo/frontend/node_modules/wait-for-expect/lib/index.js:46:25)
    at Timeout.callback [as _onTimeout] (/Users/jakepeterson/Sprint4-Demo/frontend/node_modules/jsdom/lib/jsdom/browser/Window.js:678:19)
    at listOnTimeout (internal/timers.js:549:17)
    at processTimers (internal/timers.js:492:7)]]></failure>
    </testCase>
    <testCase name="Data Management Data Management - ICAO" duration="4796">
      <failure message="Error: Unable to find an element with the text: /Save Successful/i. This could be because the text is broken up by multiple elements. In this case, you can provide a function for your text matcher to make your matcher more flexible."><![CDATA[Error: Unable to find an element with the text: /Save Successful/i. This could be because the text is broken up by multiple elements. In this case, you can provide a function for your text matcher to make your matcher more flexible.

<body>
  <div>
    <div
      class="col-xxl"
    >
      <br />
      <nav
        class="navbar navbar-expand navbar-dark justify-content-center"
        id="data-Management-Component"
      >
        <ul
          class="nav navbar-nav navbar-dark justify-content-center"
        >
          <li>
            <button
              class="dm"
              name="dmSquadron"
            >
              Squadron
            </button>
          </li>
          <li>
            <button
              class="dm"
              name="dmBase"
            >
              Base
            </button>
          </li>
          <li>
            <button
              class="dm"
              name="dmAircraft"
            >
              Aircraft
            </button>
          </li>
          <li>
            <button
              class="dm"
              name="dmMissionType"
            >
              Mission Type
            </button>
          </li>
          <li>
            <button
              class="dm"
              name="dmChannel"
            >
              Channel
            </button>
          </li>
          <li>
            <button
              class="dm"
              name="dmOperation"
            >
              Operation
            </button>
          </li>
          <li>
            <button
              class="dm"
              name="dmICAO"
            >
              ICAO Source/Dest
            </button>
          </li>
        </ul>
      </nav>
      <div
        class="container"
      >
        <div
          class="row"
        >
          <div
            class="d-flex col-4"
            id="data-management"
          >
            <ul
              class="list-group"
              data-testid="dmlist"
            >
              <br />
            </ul>
          </div>
          <div
            class="span9"
          />
          <label
            name="dmMessage"
          />
        </div>
      </div>
    </div>
  </div>
</body>
    at Object.getElementError (/Users/jakepeterson/Sprint4-Demo/frontend/node_modules/@testing-library/dom/dist/config.js:34:12)
    at /Users/jakepeterson/Sprint4-Demo/frontend/node_modules/@testing-library/dom/dist/query-helpers.js:71:38
    at getByText (/Users/jakepeterson/Sprint4-Demo/frontend/node_modules/@testing-library/dom/dist/query-helpers.js:54:17)
    at /Users/jakepeterson/Sprint4-Demo/frontend/src/tests/DataManagement.test.js:959:40
    at runExpectation (/Users/jakepeterson/Sprint4-Demo/frontend/node_modules/wait-for-expect/lib/index.js:46:25)
    at Timeout.callback [as _onTimeout] (/Users/jakepeterson/Sprint4-Demo/frontend/node_modules/jsdom/lib/jsdom/browser/Window.js:678:19)
    at listOnTimeout (internal/timers.js:549:17)
    at processTimers (internal/timers.js:492:7)]]></failure>
    </testCase>
  </file>
</testExecutions>