<?xml version="1.0" encoding="UTF-8"?>
<testExecutions version="1">
  <file path="/Users/jakepeterson/Sprint4-Demo/frontend/src/tests/DataManagement.test.js">
    <testCase name="Data Management Data Management - Squadron" duration="139"/>
    <testCase name="Data Management Data Management - Base" duration="158"/>
    <testCase name="Data Management Data Management - Aircraft" duration="118"/>
    <testCase name="Data Management Data Management - Mission Type" duration="81"/>
    <testCase name="Data Management Data Management - Channel" duration="68"/>
    <testCase name="Data Management Data Management - Operation" duration="74"/>
    <testCase name="Data Management Data Management - ICAO" duration="78"/>
  </file>
  <file path="/Users/jakepeterson/Sprint4-Demo/frontend/src/tests/EditAirliftMsn.test.js">
    <testCase name="Edit Mission Edit Mission" duration="707"/>
    <testCase name="Edit Mission Delete Mission" duration="78"/>
  </file>
  <file path="/Users/jakepeterson/Sprint4-Demo/frontend/src/tests/MissionReports.test.js">
    <testCase name="Mission Reports Mission Report Form" duration="189"/>
  </file>
  <file path="/Users/jakepeterson/Sprint4-Demo/frontend/src/tests/NewAirliftMsn.test.js">
    <testCase name="New Mission New Mission Form" duration="433"/>
  </file>
  <file path="/Users/jakepeterson/Sprint4-Demo/frontend/src/tests/Login.test.js">
    <testCase name="Mission List login form posts with proper input" duration="4801">
      <failure message="Error: expect(jest.fn()).toHaveBeenCalledTimes(expected)"><![CDATA[Error: expect(jest.fn()).toHaveBeenCalledTimes(expected)

Expected number of calls: 1
Received number of calls: 0
    at /Users/jakepeterson/Sprint4-Demo/frontend/src/tests/Login.test.js:34:52
    at runExpectation (/Users/jakepeterson/Sprint4-Demo/frontend/node_modules/wait-for-expect/lib/index.js:46:25)
    at Timeout.callback [as _onTimeout] (/Users/jakepeterson/Sprint4-Demo/frontend/node_modules/jsdom/lib/jsdom/browser/Window.js:678:19)
    at listOnTimeout (internal/timers.js:549:17)
    at processTimers (internal/timers.js:492:7)]]></failure>
    </testCase>
  </file>
  <file path="/Users/jakepeterson/Sprint4-Demo/frontend/src/tests/Register.test.js">
    <testCase name="Register Register" duration="19"/>
  </file>
  <file path="/Users/jakepeterson/Sprint4-Demo/frontend/src/tests/MissionList.test.js">
    <testCase name="Mission List Mission List - initial load, filter, clear filter, select a single mission and render details" duration="449"/>
  </file>
  <file path="/Users/jakepeterson/Sprint4-Demo/frontend/src/tests/ViewFeedback.test.js">
    <testCase name="View Feedback View Feedback" duration="164"/>
  </file>
  <file path="/Users/jakepeterson/Sprint4-Demo/frontend/src/tests/EditUser.test.js">
    <testCase name="Edit User Edit User" duration="154"/>
    <testCase name="Edit User Delete User" duration="19"/>
  </file>
  <file path="/Users/jakepeterson/Sprint4-Demo/frontend/src/tests/Feedback.test.js">
    <testCase name="About About" duration="110"/>
  </file>
  <file path="/Users/jakepeterson/Sprint4-Demo/frontend/src/tests/Profile.test.js">
    <testCase name="Mission List Profile" duration="48"/>
  </file>
  <file path="/Users/jakepeterson/Sprint4-Demo/frontend/src/tests/ReportDisplay.test.js">
    <testCase name="Report Display Report Display" duration="49"/>
  </file>
  <file path="/Users/jakepeterson/Sprint4-Demo/frontend/src/tests/UserManagement.test.js">
    <testCase name="User Management View Feedback" duration="17"/>
  </file>
  <file path="/Users/jakepeterson/Sprint4-Demo/frontend/src/tests/App.test.js">
    <testCase name="App App" duration="71"/>
  </file>
  <file path="/Users/jakepeterson/Sprint4-Demo/frontend/src/tests/About.test.js">
    <testCase name="About About" duration="23"/>
  </file>
</testExecutions>