<?xml version="1.0" encoding="UTF-8"?>
<testExecutions version="1">
  <file path="/Users/jakepeterson/Sprint4-Demo/frontend/src/tests/ViewFeedback.test.js">
    <testCase name="View Feedback View Feedback" duration="129"/>
  </file>
  <file path="/Users/jakepeterson/Sprint4-Demo/frontend/src/tests/Feedback.test.js">
    <testCase name="About About" duration="178"/>
  </file>
  <file path="/Users/jakepeterson/Sprint4-Demo/frontend/src/tests/EditAirliftMsn.test.js">
    <testCase name="Edit Mission Edit Mission" duration="754"/>
    <testCase name="Edit Mission Delete Mission" duration="93"/>
  </file>
  <file path="/Users/jakepeterson/Sprint4-Demo/frontend/src/tests/MissionList.test.js">
    <testCase name="Mission List Mission List - initial load, filter, clear filter, select a single mission and render details" duration="312"/>
  </file>
  <file path="/Users/jakepeterson/Sprint4-Demo/frontend/src/tests/NewAirliftMsn.test.js">
    <testCase name="New Mission New Mission Form" duration="620"/>
  </file>
  <file path="/Users/jakepeterson/Sprint4-Demo/frontend/src/tests/App.test.js">
    <testCase name="App App" duration="117"/>
  </file>
  <file path="/Users/jakepeterson/Sprint4-Demo/frontend/src/tests/About.test.js">
    <testCase name="About About" duration="27"/>
  </file>
</testExecutions>