<?xml version="1.0" encoding="UTF-8"?>
<testExecutions version="1">
  <file path="/Users/jakepeterson/Sprint4-Demo/server/tests/msnType.test.js">
    <testCase name="Data Management - MsnType integration tests POST MsnType" duration="113"/>
    <testCase name="Data Management - MsnType integration tests GET MsnTypes" duration="9"/>
    <testCase name="Data Management - MsnType integration tests Update Msntype" duration="5"/>
    <testCase name="Data Management - MsnType integration tests Deactive Mission Type" duration="6"/>
    <testCase name="Data Management - MsnType integration tests Activate Mission Type" duration="4"/>
  </file>
  <file path="/Users/jakepeterson/Sprint4-Demo/server/tests/api.test.js">
    <testCase name="API test gets the test endpoint" duration="20"/>
  </file>
  <file path="/Users/jakepeterson/Sprint4-Demo/server/tests/mission.test.js">
    <testCase name="feedback Post Mission" duration="146"/>
    <testCase name="feedback Get missions" duration="22"/>
    <testCase name="feedback Mission by ID" duration="10"/>
    <testCase name="feedback Get missions by filter" duration="8"/>
    <testCase name="feedback Get mission report" duration="5"/>
    <testCase name="feedback Update Mission" duration="2"/>
    <testCase name="feedback Delete Mission" duration="3"/>
  </file>
  <file path="/Users/jakepeterson/Sprint4-Demo/server/tests/icao.test.js">
    <testCase name="Data Management - ICAO integration tests POST ICAO" duration="77"/>
    <testCase name="Data Management - ICAO integration tests GET ICAO" duration="3"/>
    <testCase name="Data Management - ICAO integration tests Update ICAO" duration="2"/>
    <testCase name="Data Management - ICAO integration tests Deactive ICAO" duration="3"/>
    <testCase name="Data Management - ICAO integration tests Activate ICAO" duration="4"/>
  </file>
  <file path="/Users/jakepeterson/Sprint4-Demo/server/tests/squadron.test.js">
    <testCase name="Data Management - Aircraft integration tests POST Squadron" duration="71"/>
    <testCase name="Data Management - Aircraft integration tests GET Squadrons" duration="3"/>
    <testCase name="Data Management - Aircraft integration tests Update Squadron" duration="3"/>
    <testCase name="Data Management - Aircraft integration tests Deactive Squadron" duration="3"/>
    <testCase name="Data Management - Aircraft integration tests Activate Squadron" duration="4"/>
  </file>
  <file path="/Users/jakepeterson/Sprint4-Demo/server/tests/operation.test.js">
    <testCase name="Data Management - Operation integration tests POST Operation" duration="76"/>
    <testCase name="Data Management - Operation integration tests GET Operations" duration="3"/>
    <testCase name="Data Management - Operation integration tests Update Operation" duration="3"/>
    <testCase name="Data Management - Operation integration tests Deactive Operation" duration="3"/>
    <testCase name="Data Management - Operation integration tests Activate Operation" duration="4"/>
  </file>
  <file path="/Users/jakepeterson/Sprint4-Demo/server/tests/base.test.js">
    <testCase name="Data Management - Base integration tests POST Base" duration="73"/>
    <testCase name="Data Management - Base integration tests GET Bases" duration="3"/>
    <testCase name="Data Management - Base integration tests Update Base" duration="3"/>
    <testCase name="Data Management - Base integration tests Deactive Base" duration="3"/>
    <testCase name="Data Management - Base integration tests Activate Aircraft" duration="5"/>
  </file>
  <file path="/Users/jakepeterson/Sprint4-Demo/server/tests/aircraft.test.js">
    <testCase name="Data Management - Aircraft integration tests POST Aircraft" duration="107"/>
    <testCase name="Data Management - Aircraft integration tests GET Aircraft" duration="4"/>
    <testCase name="Data Management - Aircraft integration tests Update Aircraft" duration="2"/>
    <testCase name="Data Management - Aircraft integration tests Deactive Aircraft" duration="4"/>
    <testCase name="Data Management - Aircraft integration tests Activate Aircraft" duration="5"/>
  </file>
  <file path="/Users/jakepeterson/Sprint4-Demo/server/tests/validation.test.js">
    <testCase name="feedback Post Mission" duration="1">
      <failure message="TypeError: validator.validateMission is not a function"><![CDATA[TypeError: validator.validateMission is not a function
    at Object.<anonymous> (/Users/jakepeterson/Sprint4-Demo/server/tests/validation.test.js:48:15)
    at /Users/jakepeterson/Sprint4-Demo/node_modules/jest-jasmine2/build/queueRunner.js:43:12
    at new Promise (<anonymous>)
    at mapper (/Users/jakepeterson/Sprint4-Demo/node_modules/jest-jasmine2/build/queueRunner.js:26:19)
    at /Users/jakepeterson/Sprint4-Demo/node_modules/jest-jasmine2/build/queueRunner.js:73:41]]></failure>
    </testCase>
  </file>
  <file path="/Users/jakepeterson/Sprint4-Demo/server/tests/channel.test.js">
    <testCase name="Data Management - Channel integration tests POST Channel" duration="79"/>
    <testCase name="Data Management - Channel integration tests GET Channels" duration="3"/>
    <testCase name="Data Management - Channel integration tests Update Channel" duration="2"/>
    <testCase name="Data Management - Channel integration tests Deactive Channel" duration="4"/>
    <testCase name="Data Management - Channel integration tests Activate Channel" duration="3"/>
  </file>
  <file path="/Users/jakepeterson/Sprint4-Demo/server/tests/feedback.test.js">
    <testCase name="feedback Post Feedback" duration="67"/>
    <testCase name="feedback Get feedback" duration="3"/>
    <testCase name="feedback Delete feedback" duration="2"/>
  </file>
</testExecutions>