<?xml version="1.0" encoding="UTF-8"?>
<testExecutions version="1">
  <file path="/Users/jakepeterson/Sprint4-Demo/server/tests/icao.test.js">
    <testCase name="Data Management - ICAO integration tests POST ICAO" duration="1384"/>
    <testCase name="Data Management - ICAO integration tests GET ICAO" duration="62"/>
    <testCase name="Data Management - ICAO integration tests Update ICAO" duration="47"/>
    <testCase name="Data Management - ICAO integration tests Deactive ICAO" duration="40"/>
    <testCase name="Data Management - ICAO integration tests Activate ICAO" duration="53"/>
  </file>
  <file path="/Users/jakepeterson/Sprint4-Demo/server/tests/mission.test.js">
    <testCase name="feedback Post Mission" duration="1312"/>
    <testCase name="feedback Get missions" duration="421"/>
    <testCase name="feedback Mission by ID" duration="38"/>
    <testCase name="feedback Get missions by filter" duration="188"/>
    <testCase name="feedback Get mission report" duration="224"/>
    <testCase name="feedback Update Mission" duration="60"/>
    <testCase name="feedback Delete Mission" duration="109"/>
  </file>
  <file path="/Users/jakepeterson/Sprint4-Demo/server/tests/channel.test.js">
    <testCase name="Data Management - Channel integration tests POST Channel" duration="1286"/>
    <testCase name="Data Management - Channel integration tests GET Channels" duration="37"/>
    <testCase name="Data Management - Channel integration tests Update Channel" duration="43"/>
    <testCase name="Data Management - Channel integration tests Deactive Channel" duration="27"/>
    <testCase name="Data Management - Channel integration tests Activate Channel" duration="54"/>
  </file>
  <file path="/Users/jakepeterson/Sprint4-Demo/server/tests/aircraft.test.js">
    <testCase name="Data Management - Aircraft integration tests POST Aircraft" duration="1171"/>
    <testCase name="Data Management - Aircraft integration tests GET Aircraft" duration="26"/>
    <testCase name="Data Management - Aircraft integration tests Update Aircraft" duration="43"/>
    <testCase name="Data Management - Aircraft integration tests Deactive Aircraft" duration="37"/>
    <testCase name="Data Management - Aircraft integration tests Activate Aircraft" duration="55"/>
  </file>
  <file path="/Users/jakepeterson/Sprint4-Demo/server/tests/msnType.test.js">
    <testCase name="Data Management - MsnType integration tests POST MsnType" duration="1267"/>
    <testCase name="Data Management - MsnType integration tests GET MsnTypes" duration="43"/>
    <testCase name="Data Management - MsnType integration tests Update Msntype" duration="32"/>
    <testCase name="Data Management - MsnType integration tests Deactive Mission Type" duration="26"/>
    <testCase name="Data Management - MsnType integration tests Activate Mission Type" duration="54"/>
  </file>
  <file path="/Users/jakepeterson/Sprint4-Demo/server/tests/operation.test.js">
    <testCase name="Data Management - Operation integration tests POST Operation" duration="1031"/>
    <testCase name="Data Management - Operation integration tests GET Operations" duration="38"/>
    <testCase name="Data Management - Operation integration tests Update Operation" duration="32"/>
    <testCase name="Data Management - Operation integration tests Deactive Operation" duration="39"/>
    <testCase name="Data Management - Operation integration tests Activate Operation" duration="52"/>
  </file>
  <file path="/Users/jakepeterson/Sprint4-Demo/server/tests/squadron.test.js">
    <testCase name="Data Management - Aircraft integration tests POST Squadron" duration="1028"/>
    <testCase name="Data Management - Aircraft integration tests GET Squadrons" duration="41"/>
    <testCase name="Data Management - Aircraft integration tests Update Squadron" duration="30"/>
    <testCase name="Data Management - Aircraft integration tests Deactive Squadron" duration="27"/>
    <testCase name="Data Management - Aircraft integration tests Activate Squadron" duration="57"/>
  </file>
  <file path="/Users/jakepeterson/Sprint4-Demo/server/tests/feedback.test.js">
    <testCase name="feedback Post Feedback" duration="1177"/>
    <testCase name="feedback Get feedback" duration="37"/>
    <testCase name="feedback Delete feedback" duration="23"/>
  </file>
  <file path="/Users/jakepeterson/Sprint4-Demo/server/tests/base.test.js">
    <testCase name="Data Management - Base integration tests POST Base" duration="1289"/>
    <testCase name="Data Management - Base integration tests GET Bases" duration="26"/>
    <testCase name="Data Management - Base integration tests Update Base" duration="76"/>
    <testCase name="Data Management - Base integration tests Deactive Base" duration="43"/>
    <testCase name="Data Management - Base integration tests Activate Aircraft" duration="74"/>
  </file>
  <file path="/Users/jakepeterson/Sprint4-Demo/server/tests/api.test.js">
    <testCase name="API test gets the test endpoint" duration="18"/>
  </file>
</testExecutions>