<?xml version="1.0" encoding="UTF-8"?>
<testExecutions version="1">
  <file path="/Users/jakepeterson/Sprint4-Demo/server/tests/squadron.test.js">
    <testCase name="Data Management - Aircraft integration tests POST Squadron" duration="151"/>
    <testCase name="Data Management - Aircraft integration tests GET Squadrons" duration="121"/>
    <testCase name="Data Management - Aircraft integration tests Update Squadron" duration="5"/>
    <testCase name="Data Management - Aircraft integration tests Deactive Squadron" duration="8"/>
    <testCase name="Data Management - Aircraft integration tests Activate Squadron" duration="5"/>
  </file>
  <file path="/Users/jakepeterson/Sprint4-Demo/server/tests/aircraft.test.js">
    <testCase name="Data Management - Aircraft integration tests POST Aircraft" duration="247"/>
    <testCase name="Data Management - Aircraft integration tests GET Aircraft" duration="10"/>
    <testCase name="Data Management - Aircraft integration tests Update Aircraft" duration="7"/>
    <testCase name="Data Management - Aircraft integration tests Deactive Aircraft" duration="7"/>
    <testCase name="Data Management - Aircraft integration tests Activate Aircraft" duration="16"/>
  </file>
  <file path="/Users/jakepeterson/Sprint4-Demo/server/tests/icao.test.js">
    <testCase name="Data Management - ICAO integration tests POST ICAO" duration="257"/>
    <testCase name="Data Management - ICAO integration tests GET ICAO" duration="11"/>
    <testCase name="Data Management - ICAO integration tests Update ICAO" duration="7"/>
    <testCase name="Data Management - ICAO integration tests Deactive ICAO" duration="7"/>
    <testCase name="Data Management - ICAO integration tests Activate ICAO" duration="15"/>
  </file>
  <file path="/Users/jakepeterson/Sprint4-Demo/server/tests/operation.test.js">
    <testCase name="Data Management - Operation integration tests POST Operation" duration="94"/>
    <testCase name="Data Management - Operation integration tests GET Operations" duration="69"/>
    <testCase name="Data Management - Operation integration tests Update Operation" duration="4"/>
    <testCase name="Data Management - Operation integration tests Deactive Operation" duration="4"/>
    <testCase name="Data Management - Operation integration tests Activate Operation" duration="5"/>
  </file>
  <file path="/Users/jakepeterson/Sprint4-Demo/server/tests/mission.test.js">
    <testCase name="feedback Post Mission" duration="141"/>
    <testCase name="feedback Get missions" duration="44"/>
    <testCase name="feedback Mission by ID" duration="23"/>
    <testCase name="feedback Get missions by filter" duration="8"/>
    <testCase name="feedback Get mission report" duration="5"/>
    <testCase name="feedback Update Mission" duration="3"/>
    <testCase name="feedback Delete Mission" duration="3"/>
  </file>
  <file path="/Users/jakepeterson/Sprint4-Demo/server/tests/api.test.js">
    <testCase name="API test gets the test endpoint" duration="24"/>
  </file>
  <file path="/Users/jakepeterson/Sprint4-Demo/server/tests/base.test.js">
    <testCase name="Data Management - Base integration tests POST Base" duration="98"/>
    <testCase name="Data Management - Base integration tests GET Bases" duration="46"/>
    <testCase name="Data Management - Base integration tests Update Base" duration="57"/>
    <testCase name="Data Management - Base integration tests Deactive Base" duration="4"/>
    <testCase name="Data Management - Base integration tests Activate Aircraft" duration="4"/>
  </file>
  <file path="/Users/jakepeterson/Sprint4-Demo/server/tests/channel.test.js">
    <testCase name="Data Management - Channel integration tests POST Channel" duration="74"/>
    <testCase name="Data Management - Channel integration tests GET Channels" duration="57"/>
    <testCase name="Data Management - Channel integration tests Update Channel" duration="3"/>
    <testCase name="Data Management - Channel integration tests Deactive Channel" duration="5"/>
    <testCase name="Data Management - Channel integration tests Activate Channel" duration="7"/>
  </file>
  <file path="/Users/jakepeterson/Sprint4-Demo/server/tests/msnType.test.js">
    <testCase name="Data Management - MsnType integration tests POST MsnType" duration="121"/>
    <testCase name="Data Management - MsnType integration tests GET MsnTypes" duration="3"/>
    <testCase name="Data Management - MsnType integration tests Update Msntype" duration="4"/>
    <testCase name="Data Management - MsnType integration tests Deactive Mission Type" duration="8"/>
    <testCase name="Data Management - MsnType integration tests Activate Mission Type" duration="7"/>
  </file>
  <file path="/Users/jakepeterson/Sprint4-Demo/server/tests/feedback.test.js">
    <testCase name="feedback Post Feedback" duration="99"/>
    <testCase name="feedback Get feedback" duration="3"/>
    <testCase name="feedback Delete feedback" duration="3"/>
  </file>
</testExecutions>